<?xml version="1.0" encoding="UTF-8"?>
<testsuite name="com.example.logistics.LogisticsApplicationTests" tests="1" skipped="0" failures="0" errors="0" timestamp="2024-06-01T11:49:51" hostname="DESKTOP-BGSJ3GE" time="0.492">
  <properties/>
  <testcase name="contextLoads()" classname="com.example.logistics.LogisticsApplicationTests" time="0.492"/>
  <system-out><![CDATA[16:49:46.673 [Test worker] INFO org.springframework.test.context.support.AnnotationConfigContextLoaderUtils -- Could not detect default configuration classes for test class [com.example.logistics.LogisticsApplicationTests]: LogisticsApplicationTests does not declare any static, non-private, non-final, nested classes annotated with @Configuration.
16:49:46.759 [Test worker] INFO org.springframework.boot.test.context.SpringBootTestContextBootstrapper -- Found @SpringBootConfiguration com.example.logistics.LogisticsApplication for test class com.example.logistics.LogisticsApplicationTests
  .   ____          _            __ _ _
 /\\ / ___'_ __ _ _(_)_ __  __ _ \ \ \ \
( ( )\___ | '_ | '_| | '_ \/ _` | \ \ \ \
 \\/  ___)| |_)| | | | | || (_| |  ) ) ) )
  '  |____| .__|_| |_|_| |_\__, | / / / /
 =========|_|==============|___/=/_/_/_/

 :: Spring Boot ::                (v3.3.0)

2024-06-01T16:49:47.128+05:00  INFO 21796 --- [    Test worker] c.e.logistics.LogisticsApplicationTests  : Starting LogisticsApplicationTests using Java 20.0.1 with PID 21796 (started by Yerkebulan in E:\IntellijProject\LogisticsBack)
2024-06-01T16:49:47.130+05:00  INFO 21796 --- [    Test worker] c.e.logistics.LogisticsApplicationTests  : No active profile set, falling back to 1 default profile: "default"
2024-06-01T16:49:47.779+05:00  INFO 21796 --- [    Test worker] .s.d.r.c.RepositoryConfigurationDelegate : Bootstrapping Spring Data JPA repositories in DEFAULT mode.
2024-06-01T16:49:47.837+05:00  INFO 21796 --- [    Test worker] .s.d.r.c.RepositoryConfigurationDelegate : Finished Spring Data repository scanning in 49 ms. Found 5 JPA repository interfaces.
2024-06-01T16:49:48.289+05:00  INFO 21796 --- [    Test worker] o.hibernate.jpa.internal.util.LogHelper  : HHH000204: Processing PersistenceUnitInfo [name: default]
2024-06-01T16:49:48.346+05:00  INFO 21796 --- [    Test worker] org.hibernate.Version                    : HHH000412: Hibernate ORM core version 6.5.2.Final
2024-06-01T16:49:48.383+05:00  INFO 21796 --- [    Test worker] o.h.c.internal.RegionFactoryInitiator    : HHH000026: Second-level cache disabled
2024-06-01T16:49:48.671+05:00  INFO 21796 --- [    Test worker] o.s.o.j.p.SpringPersistenceUnitInfo      : No LoadTimeWeaver setup: ignoring JPA class transformer
2024-06-01T16:49:48.698+05:00  INFO 21796 --- [    Test worker] com.zaxxer.hikari.HikariDataSource       : HikariPool-1 - Starting...
2024-06-01T16:49:48.878+05:00  INFO 21796 --- [    Test worker] com.zaxxer.hikari.pool.HikariPool        : HikariPool-1 - Added connection org.postgresql.jdbc.PgConnection@63814bbe
2024-06-01T16:49:48.880+05:00  INFO 21796 --- [    Test worker] com.zaxxer.hikari.HikariDataSource       : HikariPool-1 - Start completed.
2024-06-01T16:49:48.908+05:00  WARN 21796 --- [    Test worker] org.hibernate.orm.deprecation            : HHH90000025: PostgreSQLDialect does not need to be specified explicitly using 'hibernate.dialect' (remove the property setting and it will be selected by default)
2024-06-01T16:49:49.719+05:00  INFO 21796 --- [    Test worker] o.h.e.t.j.p.i.JtaPlatformInitiator       : HHH000489: No JTA platform available (set 'hibernate.transaction.jta.platform' to enable JTA platform integration)
2024-06-01T16:49:49.722+05:00  INFO 21796 --- [    Test worker] j.LocalContainerEntityManagerFactoryBean : Initialized JPA EntityManagerFactory for persistence unit 'default'
2024-06-01T16:49:50.768+05:00  WARN 21796 --- [    Test worker] JpaBaseConfiguration$JpaWebConfiguration : spring.jpa.open-in-view is enabled by default. Therefore, database queries may be performed during view rendering. Explicitly configure spring.jpa.open-in-view to disable this warning
2024-06-01T16:49:51.403+05:00  INFO 21796 --- [    Test worker] c.e.logistics.LogisticsApplicationTests  : Started LogisticsApplicationTests in 4.519 seconds (process running for 5.505)
]]></system-out>
  <system-err><![CDATA[]]></system-err>
</testsuite>
