<?xml version="1.0" encoding="UTF-8"?>
<testsuite name="com.example.logistics.LogisticsApplicationTests" tests="1" skipped="0" failures="0" errors="0" timestamp="2024-06-01T18:31:19" hostname="DESKTOP-BGSJ3GE" time="0.43">
  <properties/>
  <testcase name="contextLoads()" classname="com.example.logistics.LogisticsApplicationTests" time="0.43"/>
  <system-out><![CDATA[23:31:14.866 [Test worker] INFO org.springframework.test.context.support.AnnotationConfigContextLoaderUtils -- Could not detect default configuration classes for test class [com.example.logistics.LogisticsApplicationTests]: LogisticsApplicationTests does not declare any static, non-private, non-final, nested classes annotated with @Configuration.
23:31:14.955 [Test worker] INFO org.springframework.boot.test.context.SpringBootTestContextBootstrapper -- Found @SpringBootConfiguration com.example.logistics.LogisticsApplication for test class com.example.logistics.LogisticsApplicationTests
  .   ____          _            __ _ _
 /\\ / ___'_ __ _ _(_)_ __  __ _ \ \ \ \
( ( )\___ | '_ | '_| | '_ \/ _` | \ \ \ \
 \\/  ___)| |_)| | | | | || (_| |  ) ) ) )
  '  |____| .__|_| |_|_| |_\__, | / / / /
 =========|_|==============|___/=/_/_/_/

 :: Spring Boot ::                (v3.3.0)

2024-06-01T23:31:15.346+05:00  INFO 24656 --- [    Test worker] c.e.logistics.LogisticsApplicationTests  : Starting LogisticsApplicationTests using Java 20.0.1 with PID 24656 (started by Yerkebulan in E:\IntellijProject\LogisticsBack)
2024-06-01T23:31:15.347+05:00  INFO 24656 --- [    Test worker] c.e.logistics.LogisticsApplicationTests  : No active profile set, falling back to 1 default profile: "default"
2024-06-01T23:31:16.017+05:00  INFO 24656 --- [    Test worker] .s.d.r.c.RepositoryConfigurationDelegate : Bootstrapping Spring Data JPA repositories in DEFAULT mode.
2024-06-01T23:31:16.081+05:00  INFO 24656 --- [    Test worker] .s.d.r.c.RepositoryConfigurationDelegate : Finished Spring Data repository scanning in 57 ms. Found 5 JPA repository interfaces.
2024-06-01T23:31:16.541+05:00  INFO 24656 --- [    Test worker] o.hibernate.jpa.internal.util.LogHelper  : HHH000204: Processing PersistenceUnitInfo [name: default]
2024-06-01T23:31:16.612+05:00  INFO 24656 --- [    Test worker] org.hibernate.Version                    : HHH000412: Hibernate ORM core version 6.5.2.Final
2024-06-01T23:31:16.654+05:00  INFO 24656 --- [    Test worker] o.h.c.internal.RegionFactoryInitiator    : HHH000026: Second-level cache disabled
2024-06-01T23:31:16.954+05:00  INFO 24656 --- [    Test worker] o.s.o.j.p.SpringPersistenceUnitInfo      : No LoadTimeWeaver setup: ignoring JPA class transformer
2024-06-01T23:31:16.976+05:00  INFO 24656 --- [    Test worker] com.zaxxer.hikari.HikariDataSource       : HikariPool-1 - Starting...
2024-06-01T23:31:17.143+05:00  INFO 24656 --- [    Test worker] com.zaxxer.hikari.pool.HikariPool        : HikariPool-1 - Added connection org.postgresql.jdbc.PgConnection@7f4f1536
2024-06-01T23:31:17.144+05:00  INFO 24656 --- [    Test worker] com.zaxxer.hikari.HikariDataSource       : HikariPool-1 - Start completed.
2024-06-01T23:31:17.174+05:00  WARN 24656 --- [    Test worker] org.hibernate.orm.deprecation            : HHH90000025: PostgreSQLDialect does not need to be specified explicitly using 'hibernate.dialect' (remove the property setting and it will be selected by default)
2024-06-01T23:31:17.935+05:00  INFO 24656 --- [    Test worker] o.h.e.t.j.p.i.JtaPlatformInitiator       : HHH000489: No JTA platform available (set 'hibernate.transaction.jta.platform' to enable JTA platform integration)
2024-06-01T23:31:17.937+05:00  INFO 24656 --- [    Test worker] j.LocalContainerEntityManagerFactoryBean : Initialized JPA EntityManagerFactory for persistence unit 'default'
2024-06-01T23:31:18.783+05:00  WARN 24656 --- [    Test worker] JpaBaseConfiguration$JpaWebConfiguration : spring.jpa.open-in-view is enabled by default. Therefore, database queries may be performed during view rendering. Explicitly configure spring.jpa.open-in-view to disable this warning
2024-06-01T23:31:19.208+05:00  INFO 24656 --- [    Test worker] c.e.logistics.LogisticsApplicationTests  : Started LogisticsApplicationTests in 4.128 seconds (process running for 5.162)
]]></system-out>
  <system-err><![CDATA[]]></system-err>
</testsuite>
